app/build/intermediates/manifest_merge_blame_file/debug/manifest-merger-blame-debug-report.txt
1<?xml version="1.0" encoding="utf-8"?>
2<manifest xmlns:android="http://schemas.android.com/apk/res/android"
3    package="com.udacity.asteroidradar"
4    android:versionCode="1"
5    android:versionName="1.0" >
6
7    <uses-sdk
8        android:minSdkVersion="21"
8-->src/main/AndroidManifest.xml
9        android:targetSdkVersion="30" />
9-->src/main/AndroidManifest.xml
10
11    <uses-permission android:name="android.permission.INTERNET" />
11-->src/main/AndroidManifest.xml:5:5-67
11-->src/main/AndroidManifest.xml:5:22-64
12    <uses-permission android:name="android.permission.WAKE_LOCK" />
12-->[androidx.work:work-runtime:2.0.0] AndroidManifest.xml:23:5-68
12-->[androidx.work:work-runtime:2.0.0] AndroidManifest.xml:23:22-65
13    <uses-permission android:name="android.permission.ACCESS_NETWORK_STATE" />
13-->[androidx.work:work-runtime:2.0.0] AndroidManifest.xml:24:5-79
13-->[androidx.work:work-runtime:2.0.0] AndroidManifest.xml:24:22-76
14    <uses-permission android:name="android.permission.RECEIVE_BOOT_COMPLETED" />
14-->[androidx.work:work-runtime:2.0.0] AndroidManifest.xml:25:5-81
14-->[androidx.work:work-runtime:2.0.0] AndroidManifest.xml:25:22-78
15
16    <application
16-->src/main/AndroidManifest.xml:7:5-22:19
17        android:name="com.udacity.asteroidradar.AsteroidRadarApplication"
17-->src/main/AndroidManifest.xml:8:9-49
18        android:allowBackup="true"
18-->src/main/AndroidManifest.xml:9:9-35
19        android:appComponentFactory="androidx.core.app.CoreComponentFactory"
19-->[androidx.core:core:1.3.1] AndroidManifest.xml:24:18-86
20        android:debuggable="true"
21        android:icon="@mipmap/ic_launcher"
21-->src/main/AndroidManifest.xml:10:9-43
22        android:label="@string/app_name"
22-->src/main/AndroidManifest.xml:11:9-41
23        android:roundIcon="@mipmap/ic_launcher_round"
23-->src/main/AndroidManifest.xml:12:9-54
24        android:supportsRtl="true"
24-->src/main/AndroidManifest.xml:13:9-35
25        android:testOnly="true"
26        android:theme="@style/AppTheme" >
26-->src/main/AndroidManifest.xml:14:9-40
27        <activity android:name="com.udacity.asteroidradar.main.MainActivity" >
27-->src/main/AndroidManifest.xml:15:9-21:20
27-->src/main/AndroidManifest.xml:15:19-52
28            <intent-filter>
28-->src/main/AndroidManifest.xml:16:13-20:29
29                <action android:name="android.intent.action.MAIN" />
29-->src/main/AndroidManifest.xml:17:17-69
29-->src/main/AndroidManifest.xml:17:25-66
30
31                <category android:name="android.intent.category.LAUNCHER" />
31-->src/main/AndroidManifest.xml:19:17-77
31-->src/main/AndroidManifest.xml:19:27-74
32            </intent-filter>
33        </activity>
34
35        <provider
35-->[com.squareup.picasso:picasso:2.71828] AndroidManifest.xml:8:9-11:40
36            android:name="com.squareup.picasso.PicassoProvider"
36-->[com.squareup.picasso:picasso:2.71828] AndroidManifest.xml:9:13-64
37            android:authorities="com.udacity.asteroidradar.com.squareup.picasso"
37-->[com.squareup.picasso:picasso:2.71828] AndroidManifest.xml:10:13-72
38            android:exported="false" />
38-->[com.squareup.picasso:picasso:2.71828] AndroidManifest.xml:11:13-37
39        <provider
39-->[androidx.work:work-runtime:2.0.0] AndroidManifest.xml:28:9-34:35
40            android:name="androidx.work.impl.WorkManagerInitializer"
40-->[androidx.work:work-runtime:2.0.0] AndroidManifest.xml:29:13-69
41            android:authorities="com.udacity.asteroidradar.workmanager-init"
41-->[androidx.work:work-runtime:2.0.0] AndroidManifest.xml:30:13-68
42            android:directBootAware="false"
42-->[androidx.work:work-runtime:2.0.0] AndroidManifest.xml:31:13-44
43            android:exported="false"
43-->[androidx.work:work-runtime:2.0.0] AndroidManifest.xml:32:13-37
44            android:multiprocess="true" />
44-->[androidx.work:work-runtime:2.0.0] AndroidManifest.xml:33:13-40
45
46        <service
46-->[androidx.work:work-runtime:2.0.0] AndroidManifest.xml:36:9-41:35
47            android:name="androidx.work.impl.background.systemalarm.SystemAlarmService"
47-->[androidx.work:work-runtime:2.0.0] AndroidManifest.xml:37:13-88
48            android:directBootAware="false"
48-->[androidx.work:work-runtime:2.0.0] AndroidManifest.xml:38:13-44
49            android:enabled="@bool/enable_system_alarm_service_default"
49-->[androidx.work:work-runtime:2.0.0] AndroidManifest.xml:39:13-72
50            android:exported="false" />
50-->[androidx.work:work-runtime:2.0.0] AndroidManifest.xml:40:13-37
51        <service
51-->[androidx.work:work-runtime:2.0.0] AndroidManifest.xml:42:9-48:35
52            android:name="androidx.work.impl.background.systemjob.SystemJobService"
52-->[androidx.work:work-runtime:2.0.0] AndroidManifest.xml:43:13-84
53            android:directBootAware="false"
53-->[androidx.work:work-runtime:2.0.0] AndroidManifest.xml:44:13-44
54            android:enabled="@bool/enable_system_job_service_default"
54-->[androidx.work:work-runtime:2.0.0] AndroidManifest.xml:45:13-70
55            android:exported="true"
55-->[androidx.work:work-runtime:2.0.0] AndroidManifest.xml:46:13-36
56            android:permission="android.permission.BIND_JOB_SERVICE" />
56-->[androidx.work:work-runtime:2.0.0] AndroidManifest.xml:47:13-69
57
58        <receiver
58-->[androidx.work:work-runtime:2.0.0] AndroidManifest.xml:50:9-55:35
59            android:name="androidx.work.impl.utils.ForceStopRunnable$BroadcastReceiver"
59-->[androidx.work:work-runtime:2.0.0] AndroidManifest.xml:51:13-88
60            android:directBootAware="false"
60-->[androidx.work:work-runtime:2.0.0] AndroidManifest.xml:52:13-44
61            android:enabled="true"
61-->[androidx.work:work-runtime:2.0.0] AndroidManifest.xml:53:13-35
62            android:exported="false" />
62-->[androidx.work:work-runtime:2.0.0] AndroidManifest.xml:54:13-37
63        <receiver
63-->[androidx.work:work-runtime:2.0.0] AndroidManifest.xml:56:9-66:20
64            android:name="androidx.work.impl.background.systemalarm.ConstraintProxy$BatteryChargingProxy"
64-->[androidx.work:work-runtime:2.0.0] AndroidManifest.xml:57:13-106
65            android:directBootAware="false"
65-->[androidx.work:work-runtime:2.0.0] AndroidManifest.xml:58:13-44
66            android:enabled="false"
66-->[androidx.work:work-runtime:2.0.0] AndroidManifest.xml:59:13-36
67            android:exported="false" >
67-->[androidx.work:work-runtime:2.0.0] AndroidManifest.xml:60:13-37
68            <intent-filter>
68-->[androidx.work:work-runtime:2.0.0] AndroidManifest.xml:62:13-65:29
69                <action android:name="android.intent.action.ACTION_POWER_CONNECTED" />
69-->[androidx.work:work-runtime:2.0.0] AndroidManifest.xml:63:17-87
69-->[androidx.work:work-runtime:2.0.0] AndroidManifest.xml:63:25-84
70                <action android:name="android.intent.action.ACTION_POWER_DISCONNECTED" />
70-->[androidx.work:work-runtime:2.0.0] AndroidManifest.xml:64:17-90
70-->[androidx.work:work-runtime:2.0.0] AndroidManifest.xml:64:25-87
71            </intent-filter>
72        </receiver>
73        <receiver
73-->[androidx.work:work-runtime:2.0.0] AndroidManifest.xml:67:9-77:20
74            android:name="androidx.work.impl.background.systemalarm.ConstraintProxy$BatteryNotLowProxy"
74-->[androidx.work:work-runtime:2.0.0] AndroidManifest.xml:68:13-104
75            android:directBootAware="false"
75-->[androidx.work:work-runtime:2.0.0] AndroidManifest.xml:69:13-44
76            android:enabled="false"
76-->[androidx.work:work-runtime:2.0.0] AndroidManifest.xml:70:13-36
77            android:exported="false" >
77-->[androidx.work:work-runtime:2.0.0] AndroidManifest.xml:71:13-37
78            <intent-filter>
78-->[androidx.work:work-runtime:2.0.0] AndroidManifest.xml:73:13-76:29
79                <action android:name="android.intent.action.BATTERY_OKAY" />
79-->[androidx.work:work-runtime:2.0.0] AndroidManifest.xml:74:17-77
79-->[androidx.work:work-runtime:2.0.0] AndroidManifest.xml:74:25-74
80                <action android:name="android.intent.action.BATTERY_LOW" />
80-->[androidx.work:work-runtime:2.0.0] AndroidManifest.xml:75:17-76
80-->[androidx.work:work-runtime:2.0.0] AndroidManifest.xml:75:25-73
81            </intent-filter>
82        </receiver>
83        <receiver
83-->[androidx.work:work-runtime:2.0.0] AndroidManifest.xml:78:9-88:20
84            android:name="androidx.work.impl.background.systemalarm.ConstraintProxy$StorageNotLowProxy"
84-->[androidx.work:work-runtime:2.0.0] AndroidManifest.xml:79:13-104
85            android:directBootAware="false"
85-->[androidx.work:work-runtime:2.0.0] AndroidManifest.xml:80:13-44
86            android:enabled="false"
86-->[androidx.work:work-runtime:2.0.0] AndroidManifest.xml:81:13-36
87            android:exported="false" >
87-->[androidx.work:work-runtime:2.0.0] AndroidManifest.xml:82:13-37
88            <intent-filter>
88-->[androidx.work:work-runtime:2.0.0] AndroidManifest.xml:84:13-87:29
89                <action android:name="android.intent.action.DEVICE_STORAGE_LOW" />
89-->[androidx.work:work-runtime:2.0.0] AndroidManifest.xml:85:17-83
89-->[androidx.work:work-runtime:2.0.0] AndroidManifest.xml:85:25-80
90                <action android:name="android.intent.action.DEVICE_STORAGE_OK" />
90-->[androidx.work:work-runtime:2.0.0] AndroidManifest.xml:86:17-82
90-->[androidx.work:work-runtime:2.0.0] AndroidManifest.xml:86:25-79
91            </intent-filter>
92        </receiver>
93        <receiver
93-->[androidx.work:work-runtime:2.0.0] AndroidManifest.xml:89:9-98:20
94            android:name="androidx.work.impl.background.systemalarm.ConstraintProxy$NetworkStateProxy"
94-->[androidx.work:work-runtime:2.0.0] AndroidManifest.xml:90:13-103
95            android:directBootAware="false"
95-->[androidx.work:work-runtime:2.0.0] AndroidManifest.xml:91:13-44
96            android:enabled="false"
96-->[androidx.work:work-runtime:2.0.0] AndroidManifest.xml:92:13-36
97            android:exported="false" >
97-->[androidx.work:work-runtime:2.0.0] AndroidManifest.xml:93:13-37
98            <intent-filter>
98-->[androidx.work:work-runtime:2.0.0] AndroidManifest.xml:95:13-97:29
99                <action android:name="android.net.conn.CONNECTIVITY_CHANGE" />
99-->[androidx.work:work-runtime:2.0.0] AndroidManifest.xml:96:17-79
99-->[androidx.work:work-runtime:2.0.0] AndroidManifest.xml:96:25-76
100            </intent-filter>
101        </receiver>
102        <receiver
102-->[androidx.work:work-runtime:2.0.0] AndroidManifest.xml:99:9-110:20
103            android:name="androidx.work.impl.background.systemalarm.RescheduleReceiver"
103-->[androidx.work:work-runtime:2.0.0] AndroidManifest.xml:100:13-88
104            android:directBootAware="false"
104-->[androidx.work:work-runtime:2.0.0] AndroidManifest.xml:101:13-44
105            android:enabled="false"
105-->[androidx.work:work-runtime:2.0.0] AndroidManifest.xml:102:13-36
106            android:exported="false" >
106-->[androidx.work:work-runtime:2.0.0] AndroidManifest.xml:103:13-37
107            <intent-filter>
107-->[androidx.work:work-runtime:2.0.0] AndroidManifest.xml:105:13-109:29
108                <action android:name="android.intent.action.BOOT_COMPLETED" />
108-->[androidx.work:work-runtime:2.0.0] AndroidManifest.xml:106:17-79
108-->[androidx.work:work-runtime:2.0.0] AndroidManifest.xml:106:25-76
109                <action android:name="android.intent.action.TIME_SET" />
109-->[androidx.work:work-runtime:2.0.0] AndroidManifest.xml:107:17-73
109-->[androidx.work:work-runtime:2.0.0] AndroidManifest.xml:107:25-70
110                <action android:name="android.intent.action.TIMEZONE_CHANGED" />
110-->[androidx.work:work-runtime:2.0.0] AndroidManifest.xml:108:17-81
110-->[androidx.work:work-runtime:2.0.0] AndroidManifest.xml:108:25-78
111            </intent-filter>
112        </receiver>
113        <receiver
113-->[androidx.work:work-runtime:2.0.0] AndroidManifest.xml:111:9-120:20
114            android:name="androidx.work.impl.background.systemalarm.ConstraintProxyUpdateReceiver"
114-->[androidx.work:work-runtime:2.0.0] AndroidManifest.xml:112:13-99
115            android:directBootAware="false"
115-->[androidx.work:work-runtime:2.0.0] AndroidManifest.xml:113:13-44
116            android:enabled="@bool/enable_system_alarm_service_default"
116-->[androidx.work:work-runtime:2.0.0] AndroidManifest.xml:114:13-72
117            android:exported="false" >
117-->[androidx.work:work-runtime:2.0.0] AndroidManifest.xml:115:13-37
118            <intent-filter>
118-->[androidx.work:work-runtime:2.0.0] AndroidManifest.xml:117:13-119:29
119                <action android:name="androidx.work.impl.background.systemalarm.UpdateProxies" />
119-->[androidx.work:work-runtime:2.0.0] AndroidManifest.xml:118:17-98
119-->[androidx.work:work-runtime:2.0.0] AndroidManifest.xml:118:25-95
120            </intent-filter>
121        </receiver>
122
123        <service
123-->[androidx.room:room-runtime:2.2.5] AndroidManifest.xml:25:9-28:40
124            android:name="androidx.room.MultiInstanceInvalidationService"
124-->[androidx.room:room-runtime:2.2.5] AndroidManifest.xml:26:13-74
125            android:directBootAware="true"
125-->[androidx.room:room-runtime:2.2.5] AndroidManifest.xml:27:13-43
126            android:exported="false" />
126-->[androidx.room:room-runtime:2.2.5] AndroidManifest.xml:28:13-37
127
128        <provider
128-->[androidx.lifecycle:lifecycle-process:2.0.0] AndroidManifest.xml:23:9-27:43
129            android:name="androidx.lifecycle.ProcessLifecycleOwnerInitializer"
129-->[androidx.lifecycle:lifecycle-process:2.0.0] AndroidManifest.xml:24:13-79
130            android:authorities="com.udacity.asteroidradar.lifecycle-process"
130-->[androidx.lifecycle:lifecycle-process:2.0.0] AndroidManifest.xml:25:13-69
131            android:exported="false"
131-->[androidx.lifecycle:lifecycle-process:2.0.0] AndroidManifest.xml:26:13-37
132            android:multiprocess="true" />
132-->[androidx.lifecycle:lifecycle-process:2.0.0] AndroidManifest.xml:27:13-40
133    </application>
134
135</manifest>